[0.041s] Invoking command in '/home/palletrone/ros2_ws/src/build/quadrotor_controller': AMENT_PREFIX_PATH=/home/palletrone/ros2_ws/src/install/dynamixel_sdk:${AMENT_PREFIX_PATH} CMAKE_PREFIX_PATH=/home/palletrone/ros2_ws/src/install/dynamixel_sdk:/home/palletrone/ros2_ws/install/quadrotor_controller:/home/palletrone/ros2_ws/install/px4_ros_com:/home/palletrone/ros2_ws/install/motion_capture_tracking:/home/palletrone/ros2_ws/install/px4_msgs:/home/palletrone/ros2_ws/install/motion_capture_tracking_interfaces:/home/palletrone/ros2_ws/install/keyboard_teleop_v3:/home/palletrone/ros2_ws/install/dynamixel_workbench:/home/palletrone/ros2_ws/install/dynamixel_workbench_toolbox:/home/palletrone/ros2_ws/install/dynamixel_workbench_msgs:/home/palletrone/ros2_ws/install/dynamixel_sdk_examples:/home/palletrone/ros2_ws/install/dynamixel_sdk_custom_interfaces:/home/palletrone/ros2_ws/install/dynamixel_sdk:/home/palletrone/ros2_ws/install/cf_bag:/home/palletrone/ros2_ws/install/px4_offboard:/opt/ros/humble LD_LIBRARY_PATH=/home/palletrone/ros2_ws/src/install/dynamixel_sdk/lib:${LD_LIBRARY_PATH} /usr/bin/cmake /home/palletrone/ros2_ws/src/quadrotor_controller -DCMAKE_INSTALL_PREFIX=/home/palletrone/ros2_ws/src/install/quadrotor_controller
[0.344s] -- The C compiler identification is GNU 11.4.0
[0.612s] -- The CXX compiler identification is GNU 11.4.0
[0.652s] -- Detecting C compiler ABI info
[0.975s] -- Detecting C compiler ABI info - done
[1.016s] -- Check for working C compiler: /usr/bin/cc - skipped
[1.017s] -- Detecting C compile features
[1.017s] -- Detecting C compile features - done
[1.030s] -- Detecting CXX compiler ABI info
[1.450s] -- Detecting CXX compiler ABI info - done
[1.510s] -- Check for working CXX compiler: /usr/bin/c++ - skipped
[1.511s] -- Detecting CXX compile features
[1.513s] -- Detecting CXX compile features - done
[1.529s] -- Found ament_cmake: 1.3.12 (/opt/ros/humble/share/ament_cmake/cmake)
[3.301s] -- Found Python3: /usr/bin/python3 (found version "3.10.12") found components: Interpreter 
[3.773s] -- Found rclcpp: 16.0.14 (/opt/ros/humble/share/rclcpp/cmake)
[4.033s] -- Found rosidl_generator_c: 3.1.7 (/opt/ros/humble/share/rosidl_generator_c/cmake)
[4.080s] -- Found rosidl_adapter: 3.1.7 (/opt/ros/humble/share/rosidl_adapter/cmake)
[4.166s] -- Found rosidl_generator_cpp: 3.1.7 (/opt/ros/humble/share/rosidl_generator_cpp/cmake)
[4.238s] -- Using all available rosidl_typesupport_c: rosidl_typesupport_fastrtps_c;rosidl_typesupport_introspection_c
[4.330s] -- Using all available rosidl_typesupport_cpp: rosidl_typesupport_fastrtps_cpp;rosidl_typesupport_introspection_cpp
[4.611s] -- Found rmw_implementation_cmake: 6.1.2 (/opt/ros/humble/share/rmw_implementation_cmake/cmake)
[4.629s] -- Found rmw_fastrtps_cpp: 6.2.8 (/opt/ros/humble/share/rmw_fastrtps_cpp/cmake)
[5.088s] -- Found OpenSSL: /usr/lib/x86_64-linux-gnu/libcrypto.so (found version "3.0.2")  
[5.259s] -- Found FastRTPS: /opt/ros/humble/include  
[5.466s] -- Using RMW implementation 'rmw_fastrtps_cpp' as default
[5.523s] -- Looking for pthread.h
[5.946s] -- Looking for pthread.h - found
[5.946s] -- Performing Test CMAKE_HAVE_LIBC_PTHREAD
[6.261s] -- Performing Test CMAKE_HAVE_LIBC_PTHREAD - Success
[6.264s] -- Found Threads: TRUE  
[6.591s] -- Found dynamixel_sdk: 3.7.60 (/home/palletrone/ros2_ws/src/install/dynamixel_sdk/share/dynamixel_sdk/cmake)
[6.623s] -- Found ament_lint_auto: 0.12.14 (/opt/ros/humble/share/ament_lint_auto/cmake)
[7.122s] -- Added test 'cppcheck' to perform static code analysis on C / C++ code
[7.127s] -- Configured cppcheck include dirs: $<BUILD_INTERFACE:/home/palletrone/ros2_ws/src/quadrotor_controller/include>
[7.127s] -- Configured cppcheck exclude dirs and/or files: 
[7.130s] -- Added test 'lint_cmake' to check CMake code style
[7.139s] -- Added test 'uncrustify' to check C / C++ code style
[7.139s] -- Configured uncrustify additional arguments: 
[7.144s] -- Added test 'xmllint' to check XML markup files
[7.157s] -- Configuring done
[7.216s] -- Generating done
[7.245s] -- Build files have been written to: /home/palletrone/ros2_ws/src/build/quadrotor_controller
[7.292s] Invoked command in '/home/palletrone/ros2_ws/src/build/quadrotor_controller' returned '0': AMENT_PREFIX_PATH=/home/palletrone/ros2_ws/src/install/dynamixel_sdk:${AMENT_PREFIX_PATH} CMAKE_PREFIX_PATH=/home/palletrone/ros2_ws/src/install/dynamixel_sdk:/home/palletrone/ros2_ws/install/quadrotor_controller:/home/palletrone/ros2_ws/install/px4_ros_com:/home/palletrone/ros2_ws/install/motion_capture_tracking:/home/palletrone/ros2_ws/install/px4_msgs:/home/palletrone/ros2_ws/install/motion_capture_tracking_interfaces:/home/palletrone/ros2_ws/install/keyboard_teleop_v3:/home/palletrone/ros2_ws/install/dynamixel_workbench:/home/palletrone/ros2_ws/install/dynamixel_workbench_toolbox:/home/palletrone/ros2_ws/install/dynamixel_workbench_msgs:/home/palletrone/ros2_ws/install/dynamixel_sdk_examples:/home/palletrone/ros2_ws/install/dynamixel_sdk_custom_interfaces:/home/palletrone/ros2_ws/install/dynamixel_sdk:/home/palletrone/ros2_ws/install/cf_bag:/home/palletrone/ros2_ws/install/px4_offboard:/opt/ros/humble LD_LIBRARY_PATH=/home/palletrone/ros2_ws/src/install/dynamixel_sdk/lib:${LD_LIBRARY_PATH} /usr/bin/cmake /home/palletrone/ros2_ws/src/quadrotor_controller -DCMAKE_INSTALL_PREFIX=/home/palletrone/ros2_ws/src/install/quadrotor_controller
[7.299s] Invoking command in '/home/palletrone/ros2_ws/src/build/quadrotor_controller': AMENT_PREFIX_PATH=/home/palletrone/ros2_ws/src/install/dynamixel_sdk:${AMENT_PREFIX_PATH} CMAKE_PREFIX_PATH=/home/palletrone/ros2_ws/src/install/dynamixel_sdk:/home/palletrone/ros2_ws/install/quadrotor_controller:/home/palletrone/ros2_ws/install/px4_ros_com:/home/palletrone/ros2_ws/install/motion_capture_tracking:/home/palletrone/ros2_ws/install/px4_msgs:/home/palletrone/ros2_ws/install/motion_capture_tracking_interfaces:/home/palletrone/ros2_ws/install/keyboard_teleop_v3:/home/palletrone/ros2_ws/install/dynamixel_workbench:/home/palletrone/ros2_ws/install/dynamixel_workbench_toolbox:/home/palletrone/ros2_ws/install/dynamixel_workbench_msgs:/home/palletrone/ros2_ws/install/dynamixel_sdk_examples:/home/palletrone/ros2_ws/install/dynamixel_sdk_custom_interfaces:/home/palletrone/ros2_ws/install/dynamixel_sdk:/home/palletrone/ros2_ws/install/cf_bag:/home/palletrone/ros2_ws/install/px4_offboard:/opt/ros/humble LD_LIBRARY_PATH=/home/palletrone/ros2_ws/src/install/dynamixel_sdk/lib:${LD_LIBRARY_PATH} /usr/bin/cmake --build /home/palletrone/ros2_ws/src/build/quadrotor_controller -- -j4 -l4
[7.568s] [ 25%] [32mBuilding CXX object CMakeFiles/dynamixel_fix.dir/src/dynamixel_fix.cpp.o[0m
[37.215s] [ 50%] [32m[1mLinking CXX executable dynamixel_fix[0m
[38.179s] [ 50%] Built target dynamixel_fix
[38.224s] [ 75%] [32mBuilding CXX object CMakeFiles/dynamixel_reboot.dir/src/dynamixel_reboot.cpp.o[0m
[44.869s] [100%] [32m[1mLinking CXX executable dynamixel_reboot[0m
[45.169s] [100%] Built target dynamixel_reboot
[45.197s] Invoked command in '/home/palletrone/ros2_ws/src/build/quadrotor_controller' returned '0': AMENT_PREFIX_PATH=/home/palletrone/ros2_ws/src/install/dynamixel_sdk:${AMENT_PREFIX_PATH} CMAKE_PREFIX_PATH=/home/palletrone/ros2_ws/src/install/dynamixel_sdk:/home/palletrone/ros2_ws/install/quadrotor_controller:/home/palletrone/ros2_ws/install/px4_ros_com:/home/palletrone/ros2_ws/install/motion_capture_tracking:/home/palletrone/ros2_ws/install/px4_msgs:/home/palletrone/ros2_ws/install/motion_capture_tracking_interfaces:/home/palletrone/ros2_ws/install/keyboard_teleop_v3:/home/palletrone/ros2_ws/install/dynamixel_workbench:/home/palletrone/ros2_ws/install/dynamixel_workbench_toolbox:/home/palletrone/ros2_ws/install/dynamixel_workbench_msgs:/home/palletrone/ros2_ws/install/dynamixel_sdk_examples:/home/palletrone/ros2_ws/install/dynamixel_sdk_custom_interfaces:/home/palletrone/ros2_ws/install/dynamixel_sdk:/home/palletrone/ros2_ws/install/cf_bag:/home/palletrone/ros2_ws/install/px4_offboard:/opt/ros/humble LD_LIBRARY_PATH=/home/palletrone/ros2_ws/src/install/dynamixel_sdk/lib:${LD_LIBRARY_PATH} /usr/bin/cmake --build /home/palletrone/ros2_ws/src/build/quadrotor_controller -- -j4 -l4
[45.201s] Invoking command in '/home/palletrone/ros2_ws/src/build/quadrotor_controller': AMENT_PREFIX_PATH=/home/palletrone/ros2_ws/src/install/dynamixel_sdk:${AMENT_PREFIX_PATH} CMAKE_PREFIX_PATH=/home/palletrone/ros2_ws/src/install/dynamixel_sdk:/home/palletrone/ros2_ws/install/quadrotor_controller:/home/palletrone/ros2_ws/install/px4_ros_com:/home/palletrone/ros2_ws/install/motion_capture_tracking:/home/palletrone/ros2_ws/install/px4_msgs:/home/palletrone/ros2_ws/install/motion_capture_tracking_interfaces:/home/palletrone/ros2_ws/install/keyboard_teleop_v3:/home/palletrone/ros2_ws/install/dynamixel_workbench:/home/palletrone/ros2_ws/install/dynamixel_workbench_toolbox:/home/palletrone/ros2_ws/install/dynamixel_workbench_msgs:/home/palletrone/ros2_ws/install/dynamixel_sdk_examples:/home/palletrone/ros2_ws/install/dynamixel_sdk_custom_interfaces:/home/palletrone/ros2_ws/install/dynamixel_sdk:/home/palletrone/ros2_ws/install/cf_bag:/home/palletrone/ros2_ws/install/px4_offboard:/opt/ros/humble LD_LIBRARY_PATH=/home/palletrone/ros2_ws/src/install/dynamixel_sdk/lib:${LD_LIBRARY_PATH} /usr/bin/cmake --install /home/palletrone/ros2_ws/src/build/quadrotor_controller
[45.217s] -- Install configuration: ""
[45.218s] -- Installing: /home/palletrone/ros2_ws/src/install/quadrotor_controller/lib/quadrotor_controller/dynamixel_fix
[45.237s] -- Set runtime path of "/home/palletrone/ros2_ws/src/install/quadrotor_controller/lib/quadrotor_controller/dynamixel_fix" to ""
[45.238s] -- Installing: /home/palletrone/ros2_ws/src/install/quadrotor_controller/lib/quadrotor_controller/dynamixel_reboot
[45.243s] -- Set runtime path of "/home/palletrone/ros2_ws/src/install/quadrotor_controller/lib/quadrotor_controller/dynamixel_reboot" to ""
[45.244s] -- Installing: /home/palletrone/ros2_ws/src/install/quadrotor_controller/share/ament_index/resource_index/package_run_dependencies/quadrotor_controller
[45.244s] -- Installing: /home/palletrone/ros2_ws/src/install/quadrotor_controller/share/ament_index/resource_index/parent_prefix_path/quadrotor_controller
[45.245s] -- Installing: /home/palletrone/ros2_ws/src/install/quadrotor_controller/share/quadrotor_controller/environment/ament_prefix_path.sh
[45.248s] -- Installing: /home/palletrone/ros2_ws/src/install/quadrotor_controller/share/quadrotor_controller/environment/ament_prefix_path.dsv
[45.248s] -- Installing: /home/palletrone/ros2_ws/src/install/quadrotor_controller/share/quadrotor_controller/environment/path.sh
[45.248s] -- Installing: /home/palletrone/ros2_ws/src/install/quadrotor_controller/share/quadrotor_controller/environment/path.dsv
[45.249s] -- Installing: /home/palletrone/ros2_ws/src/install/quadrotor_controller/share/quadrotor_controller/local_setup.bash
[45.249s] -- Installing: /home/palletrone/ros2_ws/src/install/quadrotor_controller/share/quadrotor_controller/local_setup.sh
[45.250s] -- Installing: /home/palletrone/ros2_ws/src/install/quadrotor_controller/share/quadrotor_controller/local_setup.zsh
[45.252s] -- Installing: /home/palletrone/ros2_ws/src/install/quadrotor_controller/share/quadrotor_controller/local_setup.dsv
[45.252s] -- Installing: /home/palletrone/ros2_ws/src/install/quadrotor_controller/share/quadrotor_controller/package.dsv
[45.252s] -- Installing: /home/palletrone/ros2_ws/src/install/quadrotor_controller/share/ament_index/resource_index/packages/quadrotor_controller
[45.255s] -- Installing: /home/palletrone/ros2_ws/src/install/quadrotor_controller/share/quadrotor_controller/cmake/quadrotor_controllerConfig.cmake
[45.257s] -- Installing: /home/palletrone/ros2_ws/src/install/quadrotor_controller/share/quadrotor_controller/cmake/quadrotor_controllerConfig-version.cmake
[45.259s] -- Installing: /home/palletrone/ros2_ws/src/install/quadrotor_controller/share/quadrotor_controller/package.xml
[45.265s] Invoked command in '/home/palletrone/ros2_ws/src/build/quadrotor_controller' returned '0': AMENT_PREFIX_PATH=/home/palletrone/ros2_ws/src/install/dynamixel_sdk:${AMENT_PREFIX_PATH} CMAKE_PREFIX_PATH=/home/palletrone/ros2_ws/src/install/dynamixel_sdk:/home/palletrone/ros2_ws/install/quadrotor_controller:/home/palletrone/ros2_ws/install/px4_ros_com:/home/palletrone/ros2_ws/install/motion_capture_tracking:/home/palletrone/ros2_ws/install/px4_msgs:/home/palletrone/ros2_ws/install/motion_capture_tracking_interfaces:/home/palletrone/ros2_ws/install/keyboard_teleop_v3:/home/palletrone/ros2_ws/install/dynamixel_workbench:/home/palletrone/ros2_ws/install/dynamixel_workbench_toolbox:/home/palletrone/ros2_ws/install/dynamixel_workbench_msgs:/home/palletrone/ros2_ws/install/dynamixel_sdk_examples:/home/palletrone/ros2_ws/install/dynamixel_sdk_custom_interfaces:/home/palletrone/ros2_ws/install/dynamixel_sdk:/home/palletrone/ros2_ws/install/cf_bag:/home/palletrone/ros2_ws/install/px4_offboard:/opt/ros/humble LD_LIBRARY_PATH=/home/palletrone/ros2_ws/src/install/dynamixel_sdk/lib:${LD_LIBRARY_PATH} /usr/bin/cmake --install /home/palletrone/ros2_ws/src/build/quadrotor_controller
