[0.010s] Invoking command in '/home/palletrone/ros2_ws/src/build/cf_bag': CMAKE_PREFIX_PATH=${CMAKE_PREFIX_PATH}:/home/palletrone/ros2_ws/install/px4_offboard:/opt/ros/humble /usr/bin/cmake /home/palletrone/ros2_ws/src/cf_bag -DCMAKE_INSTALL_PREFIX=/home/palletrone/ros2_ws/src/install/cf_bag
[0.122s] -- The C compiler identification is GNU 11.4.0
[0.238s] -- The CXX compiler identification is GNU 11.4.0
[0.253s] -- Detecting C compiler ABI info
[0.423s] -- Detecting C compiler ABI info - done
[0.441s] -- Check for working C compiler: /usr/bin/cc - skipped
[0.442s] -- Detecting C compile features
[0.445s] -- Detecting C compile features - done
[0.450s] -- Detecting CXX compiler ABI info
[0.663s] -- Detecting CXX compiler ABI info - done
[0.681s] -- Check for working CXX compiler: /usr/bin/c++ - skipped
[0.682s] -- Detecting CXX compile features
[0.683s] -- Detecting CXX compile features - done
[0.691s] -- Found ament_cmake: 1.3.12 (/opt/ros/humble/share/ament_cmake/cmake)
[1.923s] -- Found Python3: /usr/bin/python3 (found version "3.10.12") found components: Interpreter 
[2.271s] -- Found rclcpp: 16.0.14 (/opt/ros/humble/share/rclcpp/cmake)
[2.394s] -- Found rosidl_generator_c: 3.1.7 (/opt/ros/humble/share/rosidl_generator_c/cmake)
[2.409s] -- Found rosidl_adapter: 3.1.7 (/opt/ros/humble/share/rosidl_adapter/cmake)
[2.429s] -- Found rosidl_generator_cpp: 3.1.7 (/opt/ros/humble/share/rosidl_generator_cpp/cmake)
[2.459s] -- Using all available rosidl_typesupport_c: rosidl_typesupport_fastrtps_c;rosidl_typesupport_introspection_c
[2.501s] -- Using all available rosidl_typesupport_cpp: rosidl_typesupport_fastrtps_cpp;rosidl_typesupport_introspection_cpp
[2.616s] -- Found rmw_implementation_cmake: 6.1.2 (/opt/ros/humble/share/rmw_implementation_cmake/cmake)
[2.626s] -- Found rmw_fastrtps_cpp: 6.2.8 (/opt/ros/humble/share/rmw_fastrtps_cpp/cmake)
[2.934s] -- Found OpenSSL: /usr/lib/x86_64-linux-gnu/libcrypto.so (found version "3.0.2")  
[3.033s] -- Found FastRTPS: /opt/ros/humble/include  
[3.171s] -- Using RMW implementation 'rmw_fastrtps_cpp' as default
[3.192s] -- Looking for pthread.h
[3.428s] -- Looking for pthread.h - found
[3.429s] -- Performing Test CMAKE_HAVE_LIBC_PTHREAD
[3.749s] -- Performing Test CMAKE_HAVE_LIBC_PTHREAD - Success
[3.753s] -- Found Threads: TRUE  
[3.915s] -- Found rosbag2_cpp: 0.15.15 (/opt/ros/humble/share/rosbag2_cpp/cmake)
[4.119s] -- Found rosbag2_storage_default_plugins: 0.15.15 (/opt/ros/humble/share/rosbag2_storage_default_plugins/cmake)
[4.222s] -- Found ament_lint_auto: 0.12.14 (/opt/ros/humble/share/ament_lint_auto/cmake)
[4.555s] -- Added test 'cppcheck' to perform static code analysis on C / C++ code
[4.556s] -- Configured cppcheck include dirs: $<BUILD_INTERFACE:/home/palletrone/ros2_ws/src/cf_bag/include>
[4.556s] -- Configured cppcheck exclude dirs and/or files: 
[4.563s] -- Added test 'lint_cmake' to check CMake code style
[4.568s] -- Added test 'uncrustify' to check C / C++ code style
[4.568s] -- Configured uncrustify additional arguments: 
[4.571s] -- Added test 'xmllint' to check XML markup files
[4.579s] -- Configuring done
[4.631s] -- Generating done
[4.663s] -- Build files have been written to: /home/palletrone/ros2_ws/src/build/cf_bag
[4.710s] Invoked command in '/home/palletrone/ros2_ws/src/build/cf_bag' returned '0': CMAKE_PREFIX_PATH=${CMAKE_PREFIX_PATH}:/home/palletrone/ros2_ws/install/px4_offboard:/opt/ros/humble /usr/bin/cmake /home/palletrone/ros2_ws/src/cf_bag -DCMAKE_INSTALL_PREFIX=/home/palletrone/ros2_ws/src/install/cf_bag
[4.710s] Invoking command in '/home/palletrone/ros2_ws/src/build/cf_bag': CMAKE_PREFIX_PATH=${CMAKE_PREFIX_PATH}:/home/palletrone/ros2_ws/install/px4_offboard:/opt/ros/humble /usr/bin/cmake --build /home/palletrone/ros2_ws/src/build/cf_bag -- -j4 -l4
[4.829s] [ 50%] [32mBuilding CXX object CMakeFiles/cf_bag.dir/src/bag.cpp.o[0m
[14.579s] [100%] [32m[1mLinking CXX executable cf_bag[0m
[15.004s] [100%] Built target cf_bag
[15.051s] Invoked command in '/home/palletrone/ros2_ws/src/build/cf_bag' returned '0': CMAKE_PREFIX_PATH=${CMAKE_PREFIX_PATH}:/home/palletrone/ros2_ws/install/px4_offboard:/opt/ros/humble /usr/bin/cmake --build /home/palletrone/ros2_ws/src/build/cf_bag -- -j4 -l4
[15.054s] Invoking command in '/home/palletrone/ros2_ws/src/build/cf_bag': CMAKE_PREFIX_PATH=${CMAKE_PREFIX_PATH}:/home/palletrone/ros2_ws/install/px4_offboard:/opt/ros/humble /usr/bin/cmake --install /home/palletrone/ros2_ws/src/build/cf_bag
[15.077s] -- Install configuration: ""
[15.080s] -- Installing: /home/palletrone/ros2_ws/src/install/cf_bag/lib/cf_bag/cf_bag
[15.081s] -- Set runtime path of "/home/palletrone/ros2_ws/src/install/cf_bag/lib/cf_bag/cf_bag" to ""
[15.082s] -- Installing: /home/palletrone/ros2_ws/src/install/cf_bag/share/ament_index/resource_index/package_run_dependencies/cf_bag
[15.082s] -- Installing: /home/palletrone/ros2_ws/src/install/cf_bag/share/ament_index/resource_index/parent_prefix_path/cf_bag
[15.082s] -- Installing: /home/palletrone/ros2_ws/src/install/cf_bag/share/cf_bag/environment/ament_prefix_path.sh
[15.082s] -- Installing: /home/palletrone/ros2_ws/src/install/cf_bag/share/cf_bag/environment/ament_prefix_path.dsv
[15.085s] -- Installing: /home/palletrone/ros2_ws/src/install/cf_bag/share/cf_bag/environment/path.sh
[15.085s] -- Installing: /home/palletrone/ros2_ws/src/install/cf_bag/share/cf_bag/environment/path.dsv
[15.088s] -- Installing: /home/palletrone/ros2_ws/src/install/cf_bag/share/cf_bag/local_setup.bash
[15.089s] -- Installing: /home/palletrone/ros2_ws/src/install/cf_bag/share/cf_bag/local_setup.sh
[15.089s] -- Installing: /home/palletrone/ros2_ws/src/install/cf_bag/share/cf_bag/local_setup.zsh
[15.089s] -- Installing: /home/palletrone/ros2_ws/src/install/cf_bag/share/cf_bag/local_setup.dsv
[15.089s] -- Installing: /home/palletrone/ros2_ws/src/install/cf_bag/share/cf_bag/package.dsv
[15.089s] -- Installing: /home/palletrone/ros2_ws/src/install/cf_bag/share/ament_index/resource_index/packages/cf_bag
[15.089s] -- Installing: /home/palletrone/ros2_ws/src/install/cf_bag/share/cf_bag/cmake/cf_bagConfig.cmake
[15.089s] -- Installing: /home/palletrone/ros2_ws/src/install/cf_bag/share/cf_bag/cmake/cf_bagConfig-version.cmake
[15.092s] -- Installing: /home/palletrone/ros2_ws/src/install/cf_bag/share/cf_bag/package.xml
[15.093s] Invoked command in '/home/palletrone/ros2_ws/src/build/cf_bag' returned '0': CMAKE_PREFIX_PATH=${CMAKE_PREFIX_PATH}:/home/palletrone/ros2_ws/install/px4_offboard:/opt/ros/humble /usr/bin/cmake --install /home/palletrone/ros2_ws/src/build/cf_bag
