[0.017s] Invoking command in '/home/palletrone/ros2_ws/src/build/keyboard_teleop_v3': CMAKE_PREFIX_PATH=${CMAKE_PREFIX_PATH}:/home/palletrone/ros2_ws/install/px4_offboard:/opt/ros/humble /usr/bin/cmake /home/palletrone/ros2_ws/src/keyboard_teleop_v3 -DCMAKE_INSTALL_PREFIX=/home/palletrone/ros2_ws/src/install/keyboard_teleop_v3
[0.140s] -- The C compiler identification is GNU 11.4.0
[0.342s] -- The CXX compiler identification is GNU 11.4.0
[0.364s] -- Detecting C compiler ABI info
[0.657s] -- Detecting C compiler ABI info - done
[0.698s] -- Check for working C compiler: /usr/bin/cc - skipped
[0.698s] -- Detecting C compile features
[0.701s] -- Detecting C compile features - done
[0.713s] -- Detecting CXX compiler ABI info
[1.015s] -- Detecting CXX compiler ABI info - done
[1.050s] -- Check for working CXX compiler: /usr/bin/c++ - skipped
[1.050s] -- Detecting CXX compile features
[1.054s] -- Detecting CXX compile features - done
[1.069s] -- Found ament_cmake: 1.3.12 (/opt/ros/humble/share/ament_cmake/cmake)
[2.129s] -- Found Python3: /usr/bin/python3 (found version "3.10.12") found components: Interpreter 
[2.462s] -- Found rclcpp: 16.0.14 (/opt/ros/humble/share/rclcpp/cmake)
[2.573s] -- Found rosidl_generator_c: 3.1.7 (/opt/ros/humble/share/rosidl_generator_c/cmake)
[2.589s] -- Found rosidl_adapter: 3.1.7 (/opt/ros/humble/share/rosidl_adapter/cmake)
[2.607s] -- Found rosidl_generator_cpp: 3.1.7 (/opt/ros/humble/share/rosidl_generator_cpp/cmake)
[2.638s] -- Using all available rosidl_typesupport_c: rosidl_typesupport_fastrtps_c;rosidl_typesupport_introspection_c
[2.681s] -- Using all available rosidl_typesupport_cpp: rosidl_typesupport_fastrtps_cpp;rosidl_typesupport_introspection_cpp
[2.797s] -- Found rmw_implementation_cmake: 6.1.2 (/opt/ros/humble/share/rmw_implementation_cmake/cmake)
[2.806s] -- Found rmw_fastrtps_cpp: 6.2.8 (/opt/ros/humble/share/rmw_fastrtps_cpp/cmake)
[3.010s] -- Found OpenSSL: /usr/lib/x86_64-linux-gnu/libcrypto.so (found version "3.0.2")  
[3.092s] -- Found FastRTPS: /opt/ros/humble/include  
[3.232s] -- Using RMW implementation 'rmw_fastrtps_cpp' as default
[3.276s] -- Looking for pthread.h
[3.543s] -- Looking for pthread.h - found
[3.543s] -- Performing Test CMAKE_HAVE_LIBC_PTHREAD
[3.863s] -- Performing Test CMAKE_HAVE_LIBC_PTHREAD - Success
[3.868s] -- Found Threads: TRUE  
[4.259s] -- Configuring done
[4.292s] -- Generating done
[4.314s] -- Build files have been written to: /home/palletrone/ros2_ws/src/build/keyboard_teleop_v3
[4.349s] Invoked command in '/home/palletrone/ros2_ws/src/build/keyboard_teleop_v3' returned '0': CMAKE_PREFIX_PATH=${CMAKE_PREFIX_PATH}:/home/palletrone/ros2_ws/install/px4_offboard:/opt/ros/humble /usr/bin/cmake /home/palletrone/ros2_ws/src/keyboard_teleop_v3 -DCMAKE_INSTALL_PREFIX=/home/palletrone/ros2_ws/src/install/keyboard_teleop_v3
[4.354s] Invoking command in '/home/palletrone/ros2_ws/src/build/keyboard_teleop_v3': CMAKE_PREFIX_PATH=${CMAKE_PREFIX_PATH}:/home/palletrone/ros2_ws/install/px4_offboard:/opt/ros/humble /usr/bin/cmake --build /home/palletrone/ros2_ws/src/build/keyboard_teleop_v3 -- -j4 -l4
[4.537s] [ 50%] [32mBuilding CXX object CMakeFiles/keyboard_teleop_node.dir/src/keyboard_teleop.cpp.o[0m
[19.619s] [100%] [32m[1mLinking CXX executable keyboard_teleop_node[0m
[20.558s] [100%] Built target keyboard_teleop_node
[20.610s] Invoked command in '/home/palletrone/ros2_ws/src/build/keyboard_teleop_v3' returned '0': CMAKE_PREFIX_PATH=${CMAKE_PREFIX_PATH}:/home/palletrone/ros2_ws/install/px4_offboard:/opt/ros/humble /usr/bin/cmake --build /home/palletrone/ros2_ws/src/build/keyboard_teleop_v3 -- -j4 -l4
[20.611s] Invoking command in '/home/palletrone/ros2_ws/src/build/keyboard_teleop_v3': CMAKE_PREFIX_PATH=${CMAKE_PREFIX_PATH}:/home/palletrone/ros2_ws/install/px4_offboard:/opt/ros/humble /usr/bin/cmake --install /home/palletrone/ros2_ws/src/build/keyboard_teleop_v3
[20.633s] -- Install configuration: ""
[20.636s] -- Installing: /home/palletrone/ros2_ws/src/install/keyboard_teleop_v3/lib/keyboard_teleop_v3/keyboard_teleop_node
[20.636s] -- Set runtime path of "/home/palletrone/ros2_ws/src/install/keyboard_teleop_v3/lib/keyboard_teleop_v3/keyboard_teleop_node" to ""
[20.639s] -- Installing: /home/palletrone/ros2_ws/src/install/keyboard_teleop_v3/share/ament_index/resource_index/package_run_dependencies/keyboard_teleop_v3
[20.639s] -- Installing: /home/palletrone/ros2_ws/src/install/keyboard_teleop_v3/share/ament_index/resource_index/parent_prefix_path/keyboard_teleop_v3
[20.639s] -- Installing: /home/palletrone/ros2_ws/src/install/keyboard_teleop_v3/share/keyboard_teleop_v3/environment/ament_prefix_path.sh
[20.639s] -- Installing: /home/palletrone/ros2_ws/src/install/keyboard_teleop_v3/share/keyboard_teleop_v3/environment/ament_prefix_path.dsv
[20.640s] -- Installing: /home/palletrone/ros2_ws/src/install/keyboard_teleop_v3/share/keyboard_teleop_v3/environment/path.sh
[20.640s] -- Installing: /home/palletrone/ros2_ws/src/install/keyboard_teleop_v3/share/keyboard_teleop_v3/environment/path.dsv
[20.640s] -- Installing: /home/palletrone/ros2_ws/src/install/keyboard_teleop_v3/share/keyboard_teleop_v3/local_setup.bash
[20.642s] -- Installing: /home/palletrone/ros2_ws/src/install/keyboard_teleop_v3/share/keyboard_teleop_v3/local_setup.sh
[20.648s] -- Installing: /home/palletrone/ros2_ws/src/install/keyboard_teleop_v3/share/keyboard_teleop_v3/local_setup.zsh
[20.655s] -- Installing: /home/palletrone/ros2_ws/src/install/keyboard_teleop_v3/share/keyboard_teleop_v3/local_setup.dsv
[20.655s] -- Installing: /home/palletrone/ros2_ws/src/install/keyboard_teleop_v3/share/keyboard_teleop_v3/package.dsv
[20.655s] -- Installing: /home/palletrone/ros2_ws/src/install/keyboard_teleop_v3/share/ament_index/resource_index/packages/keyboard_teleop_v3
[20.655s] -- Installing: /home/palletrone/ros2_ws/src/install/keyboard_teleop_v3/share/keyboard_teleop_v3/cmake/keyboard_teleop_v3Config.cmake
[20.656s] -- Installing: /home/palletrone/ros2_ws/src/install/keyboard_teleop_v3/share/keyboard_teleop_v3/cmake/keyboard_teleop_v3Config-version.cmake
[20.657s] -- Installing: /home/palletrone/ros2_ws/src/install/keyboard_teleop_v3/share/keyboard_teleop_v3/package.xml
[20.657s] Invoked command in '/home/palletrone/ros2_ws/src/build/keyboard_teleop_v3' returned '0': CMAKE_PREFIX_PATH=${CMAKE_PREFIX_PATH}:/home/palletrone/ros2_ws/install/px4_offboard:/opt/ros/humble /usr/bin/cmake --install /home/palletrone/ros2_ws/src/build/keyboard_teleop_v3
