[0.033s] Invoking command in '/home/palletrone/ros2_ws/src/build/dynamixel_sdk': CMAKE_PREFIX_PATH=${CMAKE_PREFIX_PATH}:/home/palletrone/ros2_ws/install/px4_offboard:/opt/ros/humble /usr/bin/cmake /home/palletrone/ros2_ws/src/DynamixelSDK/dynamixel_sdk -DCMAKE_INSTALL_PREFIX=/home/palletrone/ros2_ws/src/install/dynamixel_sdk
[0.390s] -- The C compiler identification is GNU 11.4.0
[0.744s] -- The CXX compiler identification is GNU 11.4.0
[0.773s] -- Detecting C compiler ABI info
[0.946s] -- Detecting C compiler ABI info - done
[0.967s] -- Check for working C compiler: /usr/bin/cc - skipped
[0.974s] -- Detecting C compile features
[0.975s] -- Detecting C compile features - done
[0.984s] -- Detecting CXX compiler ABI info
[1.184s] -- Detecting CXX compiler ABI info - done
[1.213s] -- Check for working CXX compiler: /usr/bin/c++ - skipped
[1.214s] -- Detecting CXX compile features
[1.215s] -- Detecting CXX compile features - done
[1.224s] -- Found ament_cmake: 1.3.12 (/opt/ros/humble/share/ament_cmake/cmake)
[2.146s] -- Found Python3: /usr/bin/python3 (found version "3.10.12") found components: Interpreter 
[2.790s] -- Configuring done
[2.808s] -- Generating done
[2.813s] -- Build files have been written to: /home/palletrone/ros2_ws/src/build/dynamixel_sdk
[2.820s] Invoked command in '/home/palletrone/ros2_ws/src/build/dynamixel_sdk' returned '0': CMAKE_PREFIX_PATH=${CMAKE_PREFIX_PATH}:/home/palletrone/ros2_ws/install/px4_offboard:/opt/ros/humble /usr/bin/cmake /home/palletrone/ros2_ws/src/DynamixelSDK/dynamixel_sdk -DCMAKE_INSTALL_PREFIX=/home/palletrone/ros2_ws/src/install/dynamixel_sdk
[2.824s] Invoking command in '/home/palletrone/ros2_ws/src/build/dynamixel_sdk': CMAKE_PREFIX_PATH=${CMAKE_PREFIX_PATH}:/home/palletrone/ros2_ws/install/px4_offboard:/opt/ros/humble /usr/bin/cmake --build /home/palletrone/ros2_ws/src/build/dynamixel_sdk -- -j4 -l4
[2.925s] [  7%] [32mBuilding CXX object CMakeFiles/dynamixel_sdk.dir/src/dynamixel_sdk/protocol2_packet_handler.cpp.o[0m
[2.933s] [ 23%] [32mBuilding CXX object CMakeFiles/dynamixel_sdk.dir/src/dynamixel_sdk/packet_handler.cpp.o[0m
[2.933s] [ 23%] [32mBuilding CXX object CMakeFiles/dynamixel_sdk.dir/src/dynamixel_sdk/protocol1_packet_handler.cpp.o[0m
[2.939s] [ 30%] [32mBuilding CXX object CMakeFiles/dynamixel_sdk.dir/src/dynamixel_sdk/group_sync_read.cpp.o[0m
[3.346s] [ 38%] [32mBuilding CXX object CMakeFiles/dynamixel_sdk.dir/src/dynamixel_sdk/group_sync_write.cpp.o[0m
[3.605s] [ 46%] [32mBuilding CXX object CMakeFiles/dynamixel_sdk.dir/src/dynamixel_sdk/group_bulk_read.cpp.o[0m
[3.840s] [ 53%] [32mBuilding CXX object CMakeFiles/dynamixel_sdk.dir/src/dynamixel_sdk/group_bulk_write.cpp.o[0m
[4.286s] [ 61%] [32mBuilding CXX object CMakeFiles/dynamixel_sdk.dir/src/dynamixel_sdk/group_fast_bulk_read.cpp.o[0m
[4.936s] [ 69%] [32mBuilding CXX object CMakeFiles/dynamixel_sdk.dir/src/dynamixel_sdk/group_fast_sync_read.cpp.o[0m
[5.224s] [ 76%] [32mBuilding CXX object CMakeFiles/dynamixel_sdk.dir/src/dynamixel_sdk/group_handler.cpp.o[0m
[5.428s] [ 84%] [32mBuilding CXX object CMakeFiles/dynamixel_sdk.dir/src/dynamixel_sdk/port_handler.cpp.o[0m
[5.553s] [ 92%] [32mBuilding CXX object CMakeFiles/dynamixel_sdk.dir/src/dynamixel_sdk/port_handler_linux.cpp.o[0m
[6.136s] [100%] [32m[1mLinking CXX shared library libdynamixel_sdk.so[0m
[6.380s] [100%] Built target dynamixel_sdk
[6.406s] Invoked command in '/home/palletrone/ros2_ws/src/build/dynamixel_sdk' returned '0': CMAKE_PREFIX_PATH=${CMAKE_PREFIX_PATH}:/home/palletrone/ros2_ws/install/px4_offboard:/opt/ros/humble /usr/bin/cmake --build /home/palletrone/ros2_ws/src/build/dynamixel_sdk -- -j4 -l4
[6.422s] Invoking command in '/home/palletrone/ros2_ws/src/build/dynamixel_sdk': CMAKE_PREFIX_PATH=${CMAKE_PREFIX_PATH}:/home/palletrone/ros2_ws/install/px4_offboard:/opt/ros/humble /usr/bin/cmake --install /home/palletrone/ros2_ws/src/build/dynamixel_sdk
[6.435s] -- Install configuration: ""
[6.436s] -- Installing: /home/palletrone/ros2_ws/src/install/dynamixel_sdk/include/
[6.436s] -- Installing: /home/palletrone/ros2_ws/src/install/dynamixel_sdk/include//dynamixel_sdk
[6.437s] -- Installing: /home/palletrone/ros2_ws/src/install/dynamixel_sdk/include//dynamixel_sdk/port_handler_linux.h
[6.437s] -- Installing: /home/palletrone/ros2_ws/src/install/dynamixel_sdk/include//dynamixel_sdk/port_handler_windows.h
[6.439s] -- Installing: /home/palletrone/ros2_ws/src/install/dynamixel_sdk/include//dynamixel_sdk/port_handler_mac.h
[6.440s] -- Installing: /home/palletrone/ros2_ws/src/install/dynamixel_sdk/include//dynamixel_sdk/port_handler_arduino.h
[6.440s] -- Installing: /home/palletrone/ros2_ws/src/install/dynamixel_sdk/include//dynamixel_sdk/group_fast_bulk_read.h
[6.441s] -- Installing: /home/palletrone/ros2_ws/src/install/dynamixel_sdk/include//dynamixel_sdk/group_bulk_read.h
[6.441s] -- Installing: /home/palletrone/ros2_ws/src/install/dynamixel_sdk/include//dynamixel_sdk/group_fast_sync_read.h
[6.442s] -- Installing: /home/palletrone/ros2_ws/src/install/dynamixel_sdk/include//dynamixel_sdk/group_sync_read.h
[6.442s] -- Installing: /home/palletrone/ros2_ws/src/install/dynamixel_sdk/include//dynamixel_sdk/group_sync_write.h
[6.443s] -- Installing: /home/palletrone/ros2_ws/src/install/dynamixel_sdk/include//dynamixel_sdk/packet_handler.h
[6.443s] -- Installing: /home/palletrone/ros2_ws/src/install/dynamixel_sdk/include//dynamixel_sdk/protocol2_packet_handler.h
[6.443s] -- Installing: /home/palletrone/ros2_ws/src/install/dynamixel_sdk/include//dynamixel_sdk/port_handler.h
[6.444s] -- Installing: /home/palletrone/ros2_ws/src/install/dynamixel_sdk/include//dynamixel_sdk/dynamixel_sdk.h
[6.444s] -- Installing: /home/palletrone/ros2_ws/src/install/dynamixel_sdk/include//dynamixel_sdk/group_bulk_write.h
[6.445s] -- Installing: /home/palletrone/ros2_ws/src/install/dynamixel_sdk/include//dynamixel_sdk/group_handler.h
[6.445s] -- Installing: /home/palletrone/ros2_ws/src/install/dynamixel_sdk/include//dynamixel_sdk/protocol1_packet_handler.h
[6.447s] -- Installing: /home/palletrone/ros2_ws/src/install/dynamixel_sdk/lib/libdynamixel_sdk.so
[6.447s] -- Installing: /home/palletrone/ros2_ws/src/install/dynamixel_sdk/share/dynamixel_sdk/environment/library_path.sh
[6.447s] -- Installing: /home/palletrone/ros2_ws/src/install/dynamixel_sdk/share/dynamixel_sdk/environment/library_path.dsv
[6.448s] -- Installing: /home/palletrone/ros2_ws/src/install/dynamixel_sdk/share/ament_index/resource_index/package_run_dependencies/dynamixel_sdk
[6.449s] -- Installing: /home/palletrone/ros2_ws/src/install/dynamixel_sdk/share/ament_index/resource_index/parent_prefix_path/dynamixel_sdk
[6.449s] -- Installing: /home/palletrone/ros2_ws/src/install/dynamixel_sdk/share/dynamixel_sdk/environment/ament_prefix_path.sh
[6.450s] -- Installing: /home/palletrone/ros2_ws/src/install/dynamixel_sdk/share/dynamixel_sdk/environment/ament_prefix_path.dsv
[6.450s] -- Installing: /home/palletrone/ros2_ws/src/install/dynamixel_sdk/share/dynamixel_sdk/environment/path.sh
[6.451s] -- Installing: /home/palletrone/ros2_ws/src/install/dynamixel_sdk/share/dynamixel_sdk/environment/path.dsv
[6.451s] -- Installing: /home/palletrone/ros2_ws/src/install/dynamixel_sdk/share/dynamixel_sdk/local_setup.bash
[6.452s] -- Installing: /home/palletrone/ros2_ws/src/install/dynamixel_sdk/share/dynamixel_sdk/local_setup.sh
[6.452s] -- Installing: /home/palletrone/ros2_ws/src/install/dynamixel_sdk/share/dynamixel_sdk/local_setup.zsh
[6.453s] -- Installing: /home/palletrone/ros2_ws/src/install/dynamixel_sdk/share/dynamixel_sdk/local_setup.dsv
[6.453s] -- Installing: /home/palletrone/ros2_ws/src/install/dynamixel_sdk/share/dynamixel_sdk/package.dsv
[6.454s] -- Installing: /home/palletrone/ros2_ws/src/install/dynamixel_sdk/share/ament_index/resource_index/packages/dynamixel_sdk
[6.457s] -- Installing: /home/palletrone/ros2_ws/src/install/dynamixel_sdk/share/dynamixel_sdk/cmake/ament_cmake_export_include_directories-extras.cmake
[6.457s] -- Installing: /home/palletrone/ros2_ws/src/install/dynamixel_sdk/share/dynamixel_sdk/cmake/ament_cmake_export_libraries-extras.cmake
[6.457s] -- Installing: /home/palletrone/ros2_ws/src/install/dynamixel_sdk/share/dynamixel_sdk/cmake/dynamixel_sdkConfig.cmake
[6.457s] -- Installing: /home/palletrone/ros2_ws/src/install/dynamixel_sdk/share/dynamixel_sdk/cmake/dynamixel_sdkConfig-version.cmake
[6.457s] -- Installing: /home/palletrone/ros2_ws/src/install/dynamixel_sdk/share/dynamixel_sdk/package.xml
[6.460s] Invoked command in '/home/palletrone/ros2_ws/src/build/dynamixel_sdk' returned '0': CMAKE_PREFIX_PATH=${CMAKE_PREFIX_PATH}:/home/palletrone/ros2_ws/install/px4_offboard:/opt/ros/humble /usr/bin/cmake --install /home/palletrone/ros2_ws/src/build/dynamixel_sdk
