[0.054s] Invoking command in '/home/palletrone/ros2_ws/src/build/dynamixel_sdk_examples': AMENT_PREFIX_PATH=/home/palletrone/ros2_ws/src/install/dynamixel_sdk_custom_interfaces:/home/palletrone/ros2_ws/src/install/dynamixel_sdk:${AMENT_PREFIX_PATH} CMAKE_PREFIX_PATH=/home/palletrone/ros2_ws/src/install/dynamixel_sdk_custom_interfaces:/home/palletrone/ros2_ws/src/install/dynamixel_sdk:/home/palletrone/ros2_ws/install/quadrotor_controller:/home/palletrone/ros2_ws/install/px4_ros_com:/home/palletrone/ros2_ws/install/motion_capture_tracking:/home/palletrone/ros2_ws/install/px4_msgs:/home/palletrone/ros2_ws/install/motion_capture_tracking_interfaces:/home/palletrone/ros2_ws/install/keyboard_teleop_v3:/home/palletrone/ros2_ws/install/dynamixel_workbench:/home/palletrone/ros2_ws/install/dynamixel_workbench_toolbox:/home/palletrone/ros2_ws/install/dynamixel_workbench_msgs:/home/palletrone/ros2_ws/install/dynamixel_sdk_examples:/home/palletrone/ros2_ws/install/dynamixel_sdk_custom_interfaces:/home/palletrone/ros2_ws/install/dynamixel_sdk:/home/palletrone/ros2_ws/install/cf_bag:/home/palletrone/ros2_ws/install/px4_offboard:/opt/ros/humble LD_LIBRARY_PATH=/home/palletrone/ros2_ws/src/install/dynamixel_sdk_custom_interfaces/lib:/home/palletrone/ros2_ws/src/install/dynamixel_sdk/lib:${LD_LIBRARY_PATH} PYTHONPATH=/home/palletrone/ros2_ws/src/install/dynamixel_sdk_custom_interfaces/local/lib/python3.10/dist-packages:${PYTHONPATH} /usr/bin/cmake /home/palletrone/ros2_ws/src/DynamixelSDK/dynamixel_sdk_examples -DCMAKE_INSTALL_PREFIX=/home/palletrone/ros2_ws/src/install/dynamixel_sdk_examples
[0.319s] -- The C compiler identification is GNU 11.4.0
[0.583s] -- The CXX compiler identification is GNU 11.4.0
[0.615s] -- Detecting C compiler ABI info
[0.893s] -- Detecting C compiler ABI info - done
[0.926s] -- Check for working C compiler: /usr/bin/cc - skipped
[0.929s] -- Detecting C compile features
[0.930s] -- Detecting C compile features - done
[0.942s] -- Detecting CXX compiler ABI info
[1.281s] -- Detecting CXX compiler ABI info - done
[1.299s] -- Check for working CXX compiler: /usr/bin/c++ - skipped
[1.299s] -- Detecting CXX compile features
[1.301s] -- Detecting CXX compile features - done
[1.312s] -- Found ament_cmake: 1.3.12 (/opt/ros/humble/share/ament_cmake/cmake)
[2.321s] -- Found Python3: /usr/bin/python3 (found version "3.10.12") found components: Interpreter 
[2.598s] -- Found dynamixel_sdk: 3.7.60 (/home/palletrone/ros2_ws/src/install/dynamixel_sdk/share/dynamixel_sdk/cmake)
[2.602s] -- Found dynamixel_sdk_custom_interfaces: 3.7.60 (/home/palletrone/ros2_ws/src/install/dynamixel_sdk_custom_interfaces/share/dynamixel_sdk_custom_interfaces/cmake)
[2.701s] -- Found rosidl_generator_c: 3.1.7 (/opt/ros/humble/share/rosidl_generator_c/cmake)
[2.717s] -- Found rosidl_adapter: 3.1.7 (/opt/ros/humble/share/rosidl_adapter/cmake)
[2.758s] -- Found rosidl_generator_cpp: 3.1.7 (/opt/ros/humble/share/rosidl_generator_cpp/cmake)
[2.791s] -- Using all available rosidl_typesupport_c: rosidl_typesupport_fastrtps_c;rosidl_typesupport_introspection_c
[2.830s] -- Using all available rosidl_typesupport_cpp: rosidl_typesupport_fastrtps_cpp;rosidl_typesupport_introspection_cpp
[2.969s] -- Found rclcpp: 16.0.14 (/opt/ros/humble/share/rclcpp/cmake)
[3.190s] -- Found rmw_implementation_cmake: 6.1.2 (/opt/ros/humble/share/rmw_implementation_cmake/cmake)
[3.205s] -- Found rmw_fastrtps_cpp: 6.2.8 (/opt/ros/humble/share/rmw_fastrtps_cpp/cmake)
[3.500s] -- Found OpenSSL: /usr/lib/x86_64-linux-gnu/libcrypto.so (found version "3.0.2")  
[3.646s] -- Found FastRTPS: /opt/ros/humble/include  
[3.831s] -- Using RMW implementation 'rmw_fastrtps_cpp' as default
[3.887s] -- Looking for pthread.h
[4.281s] -- Looking for pthread.h - found
[4.282s] -- Performing Test CMAKE_HAVE_LIBC_PTHREAD
[4.658s] -- Performing Test CMAKE_HAVE_LIBC_PTHREAD - Success
[4.663s] -- Found Threads: TRUE  
[4.952s] -- Found ament_lint_auto: 0.12.14 (/opt/ros/humble/share/ament_lint_auto/cmake)
[5.344s] -- Added test 'copyright' to check source files copyright and LICENSE
[5.348s] -- Added test 'cppcheck' to perform static code analysis on C / C++ code
[5.350s] -- Configured cppcheck include dirs: /home/palletrone/ros2_ws/src/DynamixelSDK/dynamixel_sdk_examples/include
[5.350s] -- Configured cppcheck exclude dirs and/or files: 
[5.359s] -- Added test 'cpplint' to check C / C++ code against the Google style
[5.359s] -- Configured cpplint exclude dirs and/or files: 
[5.360s] -- Added test 'lint_cmake' to check CMake code style
[5.362s] -- Added test 'uncrustify' to check C / C++ code style
[5.363s] -- Configured uncrustify additional arguments: 
[5.364s] -- Added test 'xmllint' to check XML markup files
[5.371s] -- Configuring done
[5.386s] -- Generating done
[5.395s] -- Build files have been written to: /home/palletrone/ros2_ws/src/build/dynamixel_sdk_examples
[5.416s] Invoked command in '/home/palletrone/ros2_ws/src/build/dynamixel_sdk_examples' returned '0': AMENT_PREFIX_PATH=/home/palletrone/ros2_ws/src/install/dynamixel_sdk_custom_interfaces:/home/palletrone/ros2_ws/src/install/dynamixel_sdk:${AMENT_PREFIX_PATH} CMAKE_PREFIX_PATH=/home/palletrone/ros2_ws/src/install/dynamixel_sdk_custom_interfaces:/home/palletrone/ros2_ws/src/install/dynamixel_sdk:/home/palletrone/ros2_ws/install/quadrotor_controller:/home/palletrone/ros2_ws/install/px4_ros_com:/home/palletrone/ros2_ws/install/motion_capture_tracking:/home/palletrone/ros2_ws/install/px4_msgs:/home/palletrone/ros2_ws/install/motion_capture_tracking_interfaces:/home/palletrone/ros2_ws/install/keyboard_teleop_v3:/home/palletrone/ros2_ws/install/dynamixel_workbench:/home/palletrone/ros2_ws/install/dynamixel_workbench_toolbox:/home/palletrone/ros2_ws/install/dynamixel_workbench_msgs:/home/palletrone/ros2_ws/install/dynamixel_sdk_examples:/home/palletrone/ros2_ws/install/dynamixel_sdk_custom_interfaces:/home/palletrone/ros2_ws/install/dynamixel_sdk:/home/palletrone/ros2_ws/install/cf_bag:/home/palletrone/ros2_ws/install/px4_offboard:/opt/ros/humble LD_LIBRARY_PATH=/home/palletrone/ros2_ws/src/install/dynamixel_sdk_custom_interfaces/lib:/home/palletrone/ros2_ws/src/install/dynamixel_sdk/lib:${LD_LIBRARY_PATH} PYTHONPATH=/home/palletrone/ros2_ws/src/install/dynamixel_sdk_custom_interfaces/local/lib/python3.10/dist-packages:${PYTHONPATH} /usr/bin/cmake /home/palletrone/ros2_ws/src/DynamixelSDK/dynamixel_sdk_examples -DCMAKE_INSTALL_PREFIX=/home/palletrone/ros2_ws/src/install/dynamixel_sdk_examples
[5.417s] Invoking command in '/home/palletrone/ros2_ws/src/build/dynamixel_sdk_examples': AMENT_PREFIX_PATH=/home/palletrone/ros2_ws/src/install/dynamixel_sdk_custom_interfaces:/home/palletrone/ros2_ws/src/install/dynamixel_sdk:${AMENT_PREFIX_PATH} CMAKE_PREFIX_PATH=/home/palletrone/ros2_ws/src/install/dynamixel_sdk_custom_interfaces:/home/palletrone/ros2_ws/src/install/dynamixel_sdk:/home/palletrone/ros2_ws/install/quadrotor_controller:/home/palletrone/ros2_ws/install/px4_ros_com:/home/palletrone/ros2_ws/install/motion_capture_tracking:/home/palletrone/ros2_ws/install/px4_msgs:/home/palletrone/ros2_ws/install/motion_capture_tracking_interfaces:/home/palletrone/ros2_ws/install/keyboard_teleop_v3:/home/palletrone/ros2_ws/install/dynamixel_workbench:/home/palletrone/ros2_ws/install/dynamixel_workbench_toolbox:/home/palletrone/ros2_ws/install/dynamixel_workbench_msgs:/home/palletrone/ros2_ws/install/dynamixel_sdk_examples:/home/palletrone/ros2_ws/install/dynamixel_sdk_custom_interfaces:/home/palletrone/ros2_ws/install/dynamixel_sdk:/home/palletrone/ros2_ws/install/cf_bag:/home/palletrone/ros2_ws/install/px4_offboard:/opt/ros/humble LD_LIBRARY_PATH=/home/palletrone/ros2_ws/src/install/dynamixel_sdk_custom_interfaces/lib:/home/palletrone/ros2_ws/src/install/dynamixel_sdk/lib:${LD_LIBRARY_PATH} PYTHONPATH=/home/palletrone/ros2_ws/src/install/dynamixel_sdk_custom_interfaces/local/lib/python3.10/dist-packages:${PYTHONPATH} /usr/bin/cmake --build /home/palletrone/ros2_ws/src/build/dynamixel_sdk_examples -- -j4 -l4
[5.630s] [ 50%] [32mBuilding CXX object CMakeFiles/read_write_node.dir/src/read_write_node.cpp.o[0m
[39.944s] [100%] [32m[1mLinking CXX executable read_write_node[0m
[41.676s] [100%] Built target read_write_node
[41.717s] Invoked command in '/home/palletrone/ros2_ws/src/build/dynamixel_sdk_examples' returned '0': AMENT_PREFIX_PATH=/home/palletrone/ros2_ws/src/install/dynamixel_sdk_custom_interfaces:/home/palletrone/ros2_ws/src/install/dynamixel_sdk:${AMENT_PREFIX_PATH} CMAKE_PREFIX_PATH=/home/palletrone/ros2_ws/src/install/dynamixel_sdk_custom_interfaces:/home/palletrone/ros2_ws/src/install/dynamixel_sdk:/home/palletrone/ros2_ws/install/quadrotor_controller:/home/palletrone/ros2_ws/install/px4_ros_com:/home/palletrone/ros2_ws/install/motion_capture_tracking:/home/palletrone/ros2_ws/install/px4_msgs:/home/palletrone/ros2_ws/install/motion_capture_tracking_interfaces:/home/palletrone/ros2_ws/install/keyboard_teleop_v3:/home/palletrone/ros2_ws/install/dynamixel_workbench:/home/palletrone/ros2_ws/install/dynamixel_workbench_toolbox:/home/palletrone/ros2_ws/install/dynamixel_workbench_msgs:/home/palletrone/ros2_ws/install/dynamixel_sdk_examples:/home/palletrone/ros2_ws/install/dynamixel_sdk_custom_interfaces:/home/palletrone/ros2_ws/install/dynamixel_sdk:/home/palletrone/ros2_ws/install/cf_bag:/home/palletrone/ros2_ws/install/px4_offboard:/opt/ros/humble LD_LIBRARY_PATH=/home/palletrone/ros2_ws/src/install/dynamixel_sdk_custom_interfaces/lib:/home/palletrone/ros2_ws/src/install/dynamixel_sdk/lib:${LD_LIBRARY_PATH} PYTHONPATH=/home/palletrone/ros2_ws/src/install/dynamixel_sdk_custom_interfaces/local/lib/python3.10/dist-packages:${PYTHONPATH} /usr/bin/cmake --build /home/palletrone/ros2_ws/src/build/dynamixel_sdk_examples -- -j4 -l4
[41.721s] Invoking command in '/home/palletrone/ros2_ws/src/build/dynamixel_sdk_examples': AMENT_PREFIX_PATH=/home/palletrone/ros2_ws/src/install/dynamixel_sdk_custom_interfaces:/home/palletrone/ros2_ws/src/install/dynamixel_sdk:${AMENT_PREFIX_PATH} CMAKE_PREFIX_PATH=/home/palletrone/ros2_ws/src/install/dynamixel_sdk_custom_interfaces:/home/palletrone/ros2_ws/src/install/dynamixel_sdk:/home/palletrone/ros2_ws/install/quadrotor_controller:/home/palletrone/ros2_ws/install/px4_ros_com:/home/palletrone/ros2_ws/install/motion_capture_tracking:/home/palletrone/ros2_ws/install/px4_msgs:/home/palletrone/ros2_ws/install/motion_capture_tracking_interfaces:/home/palletrone/ros2_ws/install/keyboard_teleop_v3:/home/palletrone/ros2_ws/install/dynamixel_workbench:/home/palletrone/ros2_ws/install/dynamixel_workbench_toolbox:/home/palletrone/ros2_ws/install/dynamixel_workbench_msgs:/home/palletrone/ros2_ws/install/dynamixel_sdk_examples:/home/palletrone/ros2_ws/install/dynamixel_sdk_custom_interfaces:/home/palletrone/ros2_ws/install/dynamixel_sdk:/home/palletrone/ros2_ws/install/cf_bag:/home/palletrone/ros2_ws/install/px4_offboard:/opt/ros/humble LD_LIBRARY_PATH=/home/palletrone/ros2_ws/src/install/dynamixel_sdk_custom_interfaces/lib:/home/palletrone/ros2_ws/src/install/dynamixel_sdk/lib:${LD_LIBRARY_PATH} PYTHONPATH=/home/palletrone/ros2_ws/src/install/dynamixel_sdk_custom_interfaces/local/lib/python3.10/dist-packages:${PYTHONPATH} /usr/bin/cmake --install /home/palletrone/ros2_ws/src/build/dynamixel_sdk_examples
[41.757s] -- Install configuration: ""
[41.757s] -- Installing: /home/palletrone/ros2_ws/src/install/dynamixel_sdk_examples/lib/dynamixel_sdk_examples/read_write_node
[41.769s] -- Set runtime path of "/home/palletrone/ros2_ws/src/install/dynamixel_sdk_examples/lib/dynamixel_sdk_examples/read_write_node" to ""
[41.775s] -- Installing: /home/palletrone/ros2_ws/src/install/dynamixel_sdk_examples/share/ament_index/resource_index/package_run_dependencies/dynamixel_sdk_examples
[41.775s] -- Installing: /home/palletrone/ros2_ws/src/install/dynamixel_sdk_examples/share/ament_index/resource_index/parent_prefix_path/dynamixel_sdk_examples
[41.775s] -- Installing: /home/palletrone/ros2_ws/src/install/dynamixel_sdk_examples/share/dynamixel_sdk_examples/environment/ament_prefix_path.sh
[41.775s] -- Installing: /home/palletrone/ros2_ws/src/install/dynamixel_sdk_examples/share/dynamixel_sdk_examples/environment/ament_prefix_path.dsv
[41.775s] -- Installing: /home/palletrone/ros2_ws/src/install/dynamixel_sdk_examples/share/dynamixel_sdk_examples/environment/path.sh
[41.777s] -- Installing: /home/palletrone/ros2_ws/src/install/dynamixel_sdk_examples/share/dynamixel_sdk_examples/environment/path.dsv
[41.777s] -- Installing: /home/palletrone/ros2_ws/src/install/dynamixel_sdk_examples/share/dynamixel_sdk_examples/local_setup.bash
[41.777s] -- Installing: /home/palletrone/ros2_ws/src/install/dynamixel_sdk_examples/share/dynamixel_sdk_examples/local_setup.sh
[41.777s] -- Installing: /home/palletrone/ros2_ws/src/install/dynamixel_sdk_examples/share/dynamixel_sdk_examples/local_setup.zsh
[41.783s] -- Installing: /home/palletrone/ros2_ws/src/install/dynamixel_sdk_examples/share/dynamixel_sdk_examples/local_setup.dsv
[41.783s] -- Installing: /home/palletrone/ros2_ws/src/install/dynamixel_sdk_examples/share/dynamixel_sdk_examples/package.dsv
[41.783s] -- Installing: /home/palletrone/ros2_ws/src/install/dynamixel_sdk_examples/share/ament_index/resource_index/packages/dynamixel_sdk_examples
[41.783s] -- Installing: /home/palletrone/ros2_ws/src/install/dynamixel_sdk_examples/share/dynamixel_sdk_examples/cmake/dynamixel_sdk_examplesConfig.cmake
[41.783s] -- Installing: /home/palletrone/ros2_ws/src/install/dynamixel_sdk_examples/share/dynamixel_sdk_examples/cmake/dynamixel_sdk_examplesConfig-version.cmake
[41.783s] -- Installing: /home/palletrone/ros2_ws/src/install/dynamixel_sdk_examples/share/dynamixel_sdk_examples/package.xml
[41.797s] Invoked command in '/home/palletrone/ros2_ws/src/build/dynamixel_sdk_examples' returned '0': AMENT_PREFIX_PATH=/home/palletrone/ros2_ws/src/install/dynamixel_sdk_custom_interfaces:/home/palletrone/ros2_ws/src/install/dynamixel_sdk:${AMENT_PREFIX_PATH} CMAKE_PREFIX_PATH=/home/palletrone/ros2_ws/src/install/dynamixel_sdk_custom_interfaces:/home/palletrone/ros2_ws/src/install/dynamixel_sdk:/home/palletrone/ros2_ws/install/quadrotor_controller:/home/palletrone/ros2_ws/install/px4_ros_com:/home/palletrone/ros2_ws/install/motion_capture_tracking:/home/palletrone/ros2_ws/install/px4_msgs:/home/palletrone/ros2_ws/install/motion_capture_tracking_interfaces:/home/palletrone/ros2_ws/install/keyboard_teleop_v3:/home/palletrone/ros2_ws/install/dynamixel_workbench:/home/palletrone/ros2_ws/install/dynamixel_workbench_toolbox:/home/palletrone/ros2_ws/install/dynamixel_workbench_msgs:/home/palletrone/ros2_ws/install/dynamixel_sdk_examples:/home/palletrone/ros2_ws/install/dynamixel_sdk_custom_interfaces:/home/palletrone/ros2_ws/install/dynamixel_sdk:/home/palletrone/ros2_ws/install/cf_bag:/home/palletrone/ros2_ws/install/px4_offboard:/opt/ros/humble LD_LIBRARY_PATH=/home/palletrone/ros2_ws/src/install/dynamixel_sdk_custom_interfaces/lib:/home/palletrone/ros2_ws/src/install/dynamixel_sdk/lib:${LD_LIBRARY_PATH} PYTHONPATH=/home/palletrone/ros2_ws/src/install/dynamixel_sdk_custom_interfaces/local/lib/python3.10/dist-packages:${PYTHONPATH} /usr/bin/cmake --install /home/palletrone/ros2_ws/src/build/dynamixel_sdk_examples
